Flow report for Emdad_23rdMarch2022_lpm_dual_port_ram_32x32
Mon Mar 21 23:14:52 2022
Quartus Prime Version 20.1.1 Build 720 11/11/2020 SJ Lite Edition


---------------------
; Table of Contents ;
---------------------
  1. Legal Notice
  2. Flow Summary
  3. Flow Settings
  4. Flow Non-Default Global Settings
  5. Flow Elapsed Time
  6. Flow OS Summary
  7. Flow Log
  8. Flow Messages
  9. Flow Suppressed Messages



----------------
; Legal Notice ;
----------------
Copyright (C) 2020  Intel Corporation. All rights reserved.
Your use of Intel Corporation's design tools, logic functions 
and other software and tools, and any partner logic 
functions, and any output files from any of the foregoing 
(including device programming or simulation files), and any 
associated documentation or information are expressly subject 
to the terms and conditions of the Intel Program License 
Subscription Agreement, the Intel Quartus Prime License Agreement,
the Intel FPGA IP License Agreement, or other applicable license
agreement, including, without limitation, that your use is for
the sole purpose of programming logic devices manufactured by
Intel and sold by Intel or its authorized distributors.  Please
refer to the applicable agreement for further details, at
https://fpgasoftware.intel.com/eula.



+-------------------------------------------------------------------------------+
; Flow Summary                                                                  ;
+---------------------------------+---------------------------------------------+
; Flow Status                     ; Successful - Mon Mar 21 23:14:42 2022       ;
; Quartus Prime Version           ; 20.1.1 Build 720 11/11/2020 SJ Lite Edition ;
; Revision Name                   ; Emdad_23rdMarch2022_lpm_dual_port_ram_32x32 ;
; Top-level Entity Name           ; Emdad_23rdMarch2022_lpm_dual_port_ram_32x32 ;
; Family                          ; Cyclone V                                   ;
; Device                          ; 5CSEMA5F31C6                                ;
; Timing Models                   ; Final                                       ;
; Logic utilization (in ALMs)     ; 1 / 32,070 ( < 1 % )                        ;
; Total registers                 ; 0                                           ;
; Total pins                      ; 76 / 457 ( 17 % )                           ;
; Total virtual pins              ; 0                                           ;
; Total block memory bits         ; 1,024 / 4,065,280 ( < 1 % )                 ;
; Total DSP Blocks                ; 0 / 87 ( 0 % )                              ;
; Total HSSI RX PCSs              ; 0                                           ;
; Total HSSI PMA RX Deserializers ; 0                                           ;
; Total HSSI TX PCSs              ; 0                                           ;
; Total HSSI PMA TX Serializers   ; 0                                           ;
; Total PLLs                      ; 0 / 6 ( 0 % )                               ;
; Total DLLs                      ; 0 / 4 ( 0 % )                               ;
+---------------------------------+---------------------------------------------+


+-----------------------------------------------------------------+
; Flow Settings                                                   ;
+-------------------+---------------------------------------------+
; Option            ; Setting                                     ;
+-------------------+---------------------------------------------+
; Start date & time ; 03/21/2022 23:13:22                         ;
; Main task         ; Compilation                                 ;
; Revision Name     ; Emdad_23rdMarch2022_lpm_dual_port_ram_32x32 ;
+-------------------+---------------------------------------------+


+----------------------------------------------------------------------------------------------------------------------------------+
; Flow Non-Default Global Settings                                                                                                 ;
+-------------------------------------+-------------------------------------------------+---------------+-------------+------------+
; Assignment Name                     ; Value                                           ; Default Value ; Entity Name ; Section Id ;
+-------------------------------------+-------------------------------------------------+---------------+-------------+------------+
; COMPILER_SIGNATURE_ID               ; 10995770589189.164791880215108                  ; --            ; --          ; --         ;
; MAX_CORE_JUNCTION_TEMP              ; 85                                              ; --            ; --          ; --         ;
; MIN_CORE_JUNCTION_TEMP              ; 0                                               ; --            ; --          ; --         ;
; MISC_FILE                           ; Emdad_23rdMarch2022_lpm_dual_port_ram_32x32.cmp ; --            ; --          ; --         ;
; PARTITION_COLOR                     ; -- (Not supported for targeted family)          ; --            ; --          ; Top        ;
; PARTITION_FITTER_PRESERVATION_LEVEL ; -- (Not supported for targeted family)          ; --            ; --          ; Top        ;
; PARTITION_NETLIST_TYPE              ; -- (Not supported for targeted family)          ; --            ; --          ; Top        ;
; PROJECT_OUTPUT_DIRECTORY            ; output_files                                    ; --            ; --          ; --         ;
+-------------------------------------+-------------------------------------------------+---------------+-------------+------------+


+--------------------------------------------------------------------------------------------------------------------------+
; Flow Elapsed Time                                                                                                        ;
+----------------------+--------------+-------------------------+---------------------+------------------------------------+
; Module Name          ; Elapsed Time ; Average Processors Used ; Peak Virtual Memory ; Total CPU Time (on all processors) ;
+----------------------+--------------+-------------------------+---------------------+------------------------------------+
; Analysis & Synthesis ; 00:00:10     ; 1.0                     ; 4869 MB             ; 00:00:25                           ;
; Fitter               ; 00:00:56     ; 1.0                     ; 6765 MB             ; 00:02:26                           ;
; Assembler            ; 00:00:11     ; 1.0                     ; 4836 MB             ; 00:00:11                           ;
; Timing Analyzer      ; 00:00:09     ; 1.1                     ; 5169 MB             ; 00:00:09                           ;
; Total                ; 00:01:26     ; --                      ; --                  ; 00:03:11                           ;
+----------------------+--------------+-------------------------+---------------------+------------------------------------+


+------------------------------------------------------------------------------------+
; Flow OS Summary                                                                    ;
+----------------------+------------------+------------+------------+----------------+
; Module Name          ; Machine Hostname ; OS Name    ; OS Version ; Processor type ;
+----------------------+------------------+------------+------------+----------------+
; Analysis & Synthesis ; Shahid           ; Windows 10 ; 10.0       ; x86_64         ;
; Fitter               ; Shahid           ; Windows 10 ; 10.0       ; x86_64         ;
; Assembler            ; Shahid           ; Windows 10 ; 10.0       ; x86_64         ;
; Timing Analyzer      ; Shahid           ; Windows 10 ; 10.0       ; x86_64         ;
+----------------------+------------------+------------+------------+----------------+


------------
; Flow Log ;
------------
quartus_map --read_settings_files=on --write_settings_files=off Emdad_23rdMarch2022_lpm_dual_port_ram_32x32 -c Emdad_23rdMarch2022_lpm_dual_port_ram_32x32
quartus_fit --read_settings_files=off --write_settings_files=off Emdad_23rdMarch2022_lpm_dual_port_ram_32x32 -c Emdad_23rdMarch2022_lpm_dual_port_ram_32x32
quartus_asm --read_settings_files=off --write_settings_files=off Emdad_23rdMarch2022_lpm_dual_port_ram_32x32 -c Emdad_23rdMarch2022_lpm_dual_port_ram_32x32
quartus_sta Emdad_23rdMarch2022_lpm_dual_port_ram_32x32 -c Emdad_23rdMarch2022_lpm_dual_port_ram_32x32



